Using pre-set license
Built from '2020.3/release' branch; Version is '2020.3.15f2 (6cf78cb77498) revision 7141260'; Using compiler version '192528614'; Build Type 'Release'
OS: 'Windows 10 Enterprise; OS build 19043.1165; Version 2009; 64bit' Language: 'en' Physical Memory: 16185 MB
BatchMode: 1, IsHumanControllingUs: 0, StartBugReporterOnCrash: 0, Is64bit: 1, IsPro: 0

 COMMAND LINE ARGUMENTS:
C:\Program Files\Unity\Hub\Editor\2020.3.15f2\Editor\Unity.exe
-adb2
-batchMode
-noUpm
-name
AssetImportWorker0
-projectPath
C:/Users/s345471/OneDrive - Cranfield University/Desktop/ROS2UnityProject
-logFile
Logs/AssetImportWorker0.log
-srvPort
53456
Successfully changed project path to: C:/Users/s345471/OneDrive - Cranfield University/Desktop/ROS2UnityProject
C:/Users/s345471/OneDrive - Cranfield University/Desktop/ROS2UnityProject
Using Asset Import Pipeline V2.
Refreshing native plugins compatible for Editor in 47.93 ms, found 2 plugins.
Preloading 0 native plugins for Editor in 0.00 ms.
Initialize engine version: 2020.3.15f2 (6cf78cb77498)
[Subsystems] Discovering subsystems at path C:/Program Files/Unity/Hub/Editor/2020.3.15f2/Editor/Data/Resources/UnitySubsystems
[Subsystems] Discovering subsystems at path C:/Users/s345471/OneDrive - Cranfield University/Desktop/ROS2UnityProject/Assets
GfxDevice: creating device client; threaded=0
Direct3D:
    Version:  Direct3D 11.0 [level 11.1]
    Renderer: NVIDIA GeForce RTX 2070 with Max-Q Design (ID=0x1f54)
    Vendor:   
    VRAM:     8031 MB
    Driver:   30.0.14.7168
Initialize mono
Mono path[0] = 'C:/Program Files/Unity/Hub/Editor/2020.3.15f2/Editor/Data/Managed'
Mono path[1] = 'C:/Program Files/Unity/Hub/Editor/2020.3.15f2/Editor/Data/MonoBleedingEdge/lib/mono/unityjit'
Mono config path = 'C:/Program Files/Unity/Hub/Editor/2020.3.15f2/Editor/Data/MonoBleedingEdge/etc'
Using monoOptions --debugger-agent=transport=dt_socket,embedding=1,server=y,suspend=n,address=127.0.0.1:56560
Begin MonoManager ReloadAssembly
Registering precompiled unity dll's ...
Register platform support module: C:/Program Files/Unity/Hub/Editor/2020.3.15f2/Editor/Data/PlaybackEngines/WindowsStandaloneSupport/UnityEditor.WindowsStandalone.Extensions.dll
Register platform support module: C:/Program Files/Unity/Hub/Editor/2020.3.15f2/Editor/Data/PlaybackEngines/LinuxStandaloneSupport/UnityEditor.LinuxStandalone.Extensions.dll
Registered in 0.003919 seconds.
Native extension for LinuxStandalone target not found
Native extension for WindowsStandalone target not found
Refreshing native plugins compatible for Editor in 41.59 ms, found 2 plugins.
Preloading 0 native plugins for Editor in 0.00 ms.
Mono: successfully reloaded assembly
- Completed reload, in  2.003 seconds
Domain Reload Profiling:
	ReloadAssembly (2004ms)
		BeginReloadAssembly (100ms)
			ExecutionOrderSort (0ms)
			DisableScriptedObjects (0ms)
			BackupInstance (0ms)
			ReleaseScriptingObjects (0ms)
			CreateAndSetChildDomain (1ms)
		EndReloadAssembly (600ms)
			LoadAssemblies (95ms)
			RebuildTransferFunctionScriptingTraits (0ms)
			SetupTypeCache (229ms)
			ReleaseScriptCaches (0ms)
			RebuildScriptCaches (44ms)
			SetupLoadedEditorAssemblies (222ms)
				LogAssemblyErrors (0ms)
				InitializePlatformSupportModulesInManaged (9ms)
				SetLoadedEditorAssemblies (0ms)
				RefreshPlugins (42ms)
				BeforeProcessingInitializeOnLoad (15ms)
				ProcessInitializeOnLoadAttributes (117ms)
				ProcessInitializeOnLoadMethodAttributes (38ms)
				AfterProcessingInitializeOnLoad (0ms)
				EditorAssembliesLoaded (0ms)
			ExecutionOrderSort2 (0ms)
			AwakeInstancesAfterBackupRestoration (0ms)
Platform modules already initialized, skipping
Registering precompiled user dll's ...
Registered in 0.006219 seconds.
Begin MonoManager ReloadAssembly
Native extension for LinuxStandalone target not found
Native extension for WindowsStandalone target not found
Refreshing native plugins compatible for Editor in 43.00 ms, found 2 plugins.
Preloading 0 native plugins for Editor in 0.00 ms.
Mono: successfully reloaded assembly
- Completed reload, in  1.831 seconds
Domain Reload Profiling:
	ReloadAssembly (1832ms)
		BeginReloadAssembly (230ms)
			ExecutionOrderSort (0ms)
			DisableScriptedObjects (7ms)
			BackupInstance (0ms)
			ReleaseScriptingObjects (0ms)
			CreateAndSetChildDomain (24ms)
		EndReloadAssembly (1498ms)
			LoadAssemblies (136ms)
			RebuildTransferFunctionScriptingTraits (0ms)
			SetupTypeCache (429ms)
			ReleaseScriptCaches (0ms)
			RebuildScriptCaches (63ms)
			SetupLoadedEditorAssemblies (648ms)
				LogAssemblyErrors (0ms)
				InitializePlatformSupportModulesInManaged (7ms)
				SetLoadedEditorAssemblies (0ms)
				RefreshPlugins (43ms)
				BeforeProcessingInitializeOnLoad (109ms)
				ProcessInitializeOnLoadAttributes (435ms)
				ProcessInitializeOnLoadMethodAttributes (40ms)
				AfterProcessingInitializeOnLoad (12ms)
				EditorAssembliesLoaded (0ms)
			ExecutionOrderSort2 (0ms)
			AwakeInstancesAfterBackupRestoration (10ms)
Platform modules already initialized, skipping
========================================================================
Worker process is ready to serve import requests
Launched and connected shader compiler UnityShaderCompiler.exe after 0.07 seconds
Refreshing native plugins compatible for Editor in 0.39 ms, found 2 plugins.
Preloading 0 native plugins for Editor in 0.00 ms.
Unloading 1614 Unused Serialized files (Serialized files now loaded: 0)
System memory in use before: 67.9 MB.
System memory in use after: 68.0 MB.

Unloading 18 unused Assets to reduce memory usage. Loaded Objects now: 2047.
Total: 3.302900 ms (FindLiveObjects: 0.275800 ms CreateObjectMapping: 0.140100 ms MarkObjects: 2.790600 ms  DeleteObjects: 0.094200 ms)

AssetImportParameters requested are different than current active one (requested -> active):
  custom:framework-win-MediaFoundation: 216162199b28c13a410421893ffa2e32 -> 
  custom:video-decoder-ogg-theora: a1e56fd34408186e4bbccfd4996cb3dc -> 
  custom:container-muxer-webm: aa71ff27fc2769a1b78a27578f13a17b -> 
  custom:container-demuxer-webm: 4f35f7cbe854078d1ac9338744f61a02 -> 
  custom:container-demuxer-ogg: 62fdf1f143b41e24485cea50d1cbac27 -> 
  custom:video-encoder-webm-vp8: eb34c28f22e8b96e1ab97ce403110664 -> 
  custom:video-decoder-webm-vp8: 9c59270c3fd7afecdb556c50c9e8de78 -> 
  custom:audio-decoder-ogg-vorbis: bf7c407c2cedff20999df2af8eb42d56 -> 
  custom:audio-encoder-webm-vorbis: bf7c407c2cedff20999df2af8eb42d56 -> 
========================================================================
Received Import Request.
  path: Assets/RosMessages/Moveit/msg
  artifactKey: Guid(770254ce4b030ca488c546db7cf0441e) Importer(815301076,1909f56bfc062723c751e8b465ee728b)
Start importing Assets/RosMessages/Moveit/msg using Guid(770254ce4b030ca488c546db7cf0441e) Importer(815301076,1909f56bfc062723c751e8b465ee728b)  -> (artifact id: 'c0f0232d150c1488032f5fc456dbc7c4') in 0.015741 seconds 
  Import took 0.023149 seconds .

========================================================================
Received Import Request.
  Time since last request: 18.774056 seconds.
  path: Assets/RosMessages/Moveit/msg/DisplayTrajectoryMsg.cs
  artifactKey: Guid(626239780c785fd47b6a06a465256e27) Importer(815301076,1909f56bfc062723c751e8b465ee728b)
Start importing Assets/RosMessages/Moveit/msg/DisplayTrajectoryMsg.cs using Guid(626239780c785fd47b6a06a465256e27) Importer(815301076,1909f56bfc062723c751e8b465ee728b)  -> (artifact id: '47eafcb6eabdc4e7506f8b67e7bdff96') in 0.044954 seconds 
  Import took 0.051033 seconds .

========================================================================
Received Import Request.
  Time since last request: 0.003266 seconds.
  path: Assets/RosMessages/Moveit/msg/DisplayTrajectoryMsg.cs
  artifactKey: Guid(626239780c785fd47b6a06a465256e27) Importer(815301076,1909f56bfc062723c751e8b465ee728b)
Start importing Assets/RosMessages/Moveit/msg/DisplayTrajectoryMsg.cs using Guid(626239780c785fd47b6a06a465256e27) Importer(815301076,1909f56bfc062723c751e8b465ee728b)  -> (artifact id: '47eafcb6eabdc4e7506f8b67e7bdff96') in 0.005836 seconds 
  Import took 0.012064 seconds .

========================================================================
Received Import Request.
  Time since last request: 420.727336 seconds.
  path: Assets
  artifactKey: Guid(00000000000000001000000000000000) Importer(815301076,1909f56bfc062723c751e8b465ee728b)
Start importing Assets using Guid(00000000000000001000000000000000) Importer(815301076,1909f56bfc062723c751e8b465ee728b)  -> (artifact id: '42d402b061de3733987d63b9cc3b64de') in 0.007081 seconds 
  Import took 0.013823 seconds .

========================================================================
Received Import Request.
  Time since last request: 5.324344 seconds.
  path: Assets/Scripts
  artifactKey: Guid(1f4db08057331f44497a42001fbea655) Importer(815301076,1909f56bfc062723c751e8b465ee728b)
Start importing Assets/Scripts using Guid(1f4db08057331f44497a42001fbea655) Importer(815301076,1909f56bfc062723c751e8b465ee728b)  -> (artifact id: '1a1b21da76bf3d464bbe7958b22b5e05') in 0.006706 seconds 
  Import took 0.012244 seconds .

========================================================================
Received Import Request.
  Time since last request: 125.283553 seconds.
  path: Assets/Scripts/RosPublisherExample.cs
  artifactKey: Guid(67b41b28daac903489d705fcb3305164) Importer(815301076,1909f56bfc062723c751e8b465ee728b)
Start importing Assets/Scripts/RosPublisherExample.cs using Guid(67b41b28daac903489d705fcb3305164) Importer(815301076,1909f56bfc062723c751e8b465ee728b)  -> (artifact id: '25be1199d672c0e9e7a18b47061a37f4') in 0.006754 seconds 
  Import took 0.013511 seconds .

========================================================================
Received Import Request.
  Time since last request: 20.890065 seconds.
  path: Assets/Scripts/RosServiceCallExample.cs
  artifactKey: Guid(f3c59d69e43a59845b2a5605b509ca33) Importer(815301076,1909f56bfc062723c751e8b465ee728b)
Start importing Assets/Scripts/RosServiceCallExample.cs using Guid(f3c59d69e43a59845b2a5605b509ca33) Importer(815301076,1909f56bfc062723c751e8b465ee728b)  -> (artifact id: '38170ca4386376ac502c048c75faa19b') in 0.006735 seconds 
  Import took 0.014374 seconds .

========================================================================
Received Import Request.
  Time since last request: 0.004187 seconds.
  path: Assets/Scripts/RosServiceCallExample.cs
  artifactKey: Guid(f3c59d69e43a59845b2a5605b509ca33) Importer(815301076,1909f56bfc062723c751e8b465ee728b)
Start importing Assets/Scripts/RosServiceCallExample.cs using Guid(f3c59d69e43a59845b2a5605b509ca33) Importer(815301076,1909f56bfc062723c751e8b465ee728b)  -> (artifact id: '38170ca4386376ac502c048c75faa19b') in 0.007337 seconds 
  Import took 0.015000 seconds .

========================================================================
Received Import Request.
  Time since last request: 4.080257 seconds.
  path: Assets/Scripts/RosSubscriberExample.cs
  artifactKey: Guid(933f2df0522eb054691c6c74f7751cc6) Importer(815301076,1909f56bfc062723c751e8b465ee728b)
Start importing Assets/Scripts/RosSubscriberExample.cs using Guid(933f2df0522eb054691c6c74f7751cc6) Importer(815301076,1909f56bfc062723c751e8b465ee728b)  -> (artifact id: '7715f2112989bae2307454add80a8f9d') in 0.007516 seconds 
  Import took 0.014248 seconds .

========================================================================
Received Import Request.
  Time since last request: 4.119198 seconds.
  path: Assets/Scripts/RosUnityServiceExample.cs
  artifactKey: Guid(f8e5283b7cfe27e468f37f41f0456665) Importer(815301076,1909f56bfc062723c751e8b465ee728b)
Start importing Assets/Scripts/RosUnityServiceExample.cs using Guid(f8e5283b7cfe27e468f37f41f0456665) Importer(815301076,1909f56bfc062723c751e8b465ee728b)  -> (artifact id: '2ec84ba6b878be2c4c3c43016a83f417') in 0.007546 seconds 
  Import took 0.014882 seconds .

========================================================================
Received Import Request.
  Time since last request: 0.001268 seconds.
  path: Assets/Scripts/RosUnityServiceExample.cs
  artifactKey: Guid(f8e5283b7cfe27e468f37f41f0456665) Importer(815301076,1909f56bfc062723c751e8b465ee728b)
Start importing Assets/Scripts/RosUnityServiceExample.cs using Guid(f8e5283b7cfe27e468f37f41f0456665) Importer(815301076,1909f56bfc062723c751e8b465ee728b)  -> (artifact id: '2ec84ba6b878be2c4c3c43016a83f417') in 0.005849 seconds 
  Import took 0.011804 seconds .

========================================================================
Received Prepare
Registering precompiled user dll's ...
Registered in 0.011072 seconds.
Begin MonoManager ReloadAssembly
Native extension for LinuxStandalone target not found
Native extension for WindowsStandalone target not found
Refreshing native plugins compatible for Editor in 0.72 ms, found 2 plugins.
Preloading 0 native plugins for Editor in 0.00 ms.
Mono: successfully reloaded assembly
- Completed reload, in  1.752 seconds
Domain Reload Profiling:
	ReloadAssembly (1752ms)
		BeginReloadAssembly (176ms)
			ExecutionOrderSort (0ms)
			DisableScriptedObjects (7ms)
			BackupInstance (0ms)
			ReleaseScriptingObjects (0ms)
			CreateAndSetChildDomain (51ms)
		EndReloadAssembly (1463ms)
			LoadAssemblies (146ms)
			RebuildTransferFunctionScriptingTraits (0ms)
			SetupTypeCache (470ms)
			ReleaseScriptCaches (1ms)
			RebuildScriptCaches (65ms)
			SetupLoadedEditorAssemblies (593ms)
				LogAssemblyErrors (0ms)
				InitializePlatformSupportModulesInManaged (14ms)
				SetLoadedEditorAssemblies (1ms)
				RefreshPlugins (1ms)
				BeforeProcessingInitializeOnLoad (123ms)
				ProcessInitializeOnLoadAttributes (406ms)
				ProcessInitializeOnLoadMethodAttributes (34ms)
				AfterProcessingInitializeOnLoad (13ms)
				EditorAssembliesLoaded (0ms)
			ExecutionOrderSort2 (0ms)
			AwakeInstancesAfterBackupRestoration (13ms)
Platform modules already initialized, skipping
Refreshing native plugins compatible for Editor in 0.40 ms, found 2 plugins.
Preloading 0 native plugins for Editor in 0.00 ms.
Unloading 1609 Unused Serialized files (Serialized files now loaded: 0)
System memory in use before: 67.9 MB.
System memory in use after: 68.0 MB.

Unloading 13 unused Assets to reduce memory usage. Loaded Objects now: 2049.
Total: 3.063900 ms (FindLiveObjects: 0.274300 ms CreateObjectMapping: 0.114600 ms MarkObjects: 2.640700 ms  DeleteObjects: 0.032400 ms)

AssetImportParameters requested are different than current active one (requested -> active):
  custom:framework-win-MediaFoundation: 216162199b28c13a410421893ffa2e32 -> 
  custom:video-decoder-ogg-theora: a1e56fd34408186e4bbccfd4996cb3dc -> 
  custom:container-muxer-webm: aa71ff27fc2769a1b78a27578f13a17b -> 
  custom:container-demuxer-webm: 4f35f7cbe854078d1ac9338744f61a02 -> 
  custom:container-demuxer-ogg: 62fdf1f143b41e24485cea50d1cbac27 -> 
  custom:video-encoder-webm-vp8: eb34c28f22e8b96e1ab97ce403110664 -> 
  custom:video-decoder-webm-vp8: 9c59270c3fd7afecdb556c50c9e8de78 -> 
  custom:audio-decoder-ogg-vorbis: bf7c407c2cedff20999df2af8eb42d56 -> 
  custom:audio-encoder-webm-vorbis: bf7c407c2cedff20999df2af8eb42d56 -> 
AssetImportWorkerClient::OnTransportError - code=2 error=End of file
